#
# There is insufficient memory for the Java Runtime Environment to continue.
# Native memory allocation (malloc) failed to allocate 1048576 bytes for AllocateHeap
# Possible reasons:
#   The system is out of physical RAM or swap space
#   The process is running with CompressedOops enabled, and the Java Heap may be blocking the growth of the native heap
# Possible solutions:
#   Reduce memory load on the system
#   Increase physical memory or swap space
#   Check if swap backing store is full
#   Decrease Java heap size (-Xmx/-Xms)
#   Decrease number of Java threads
#   Decrease Java thread stack sizes (-Xss)
#   Set larger code cache with -XX:ReservedCodeCacheSize=
#   JVM is running with Unscaled Compressed Oops mode in which the Java heap is
#     placed in the first 4GB address space. The Java Heap base address is the
#     maximum limit for the native heap growth. Please use -XX:HeapBaseMinAddress
#     to set the Java Heap base and to place the Java Heap above 4GB virtual address.
# This output file may be truncated or incomplete.
#
#  Out of Memory Error (allocation.cpp:44), pid=23932, tid=13600
#
# JRE version:  (21.0+35) (build )
# Java VM: Java HotSpot(TM) 64-Bit Server VM (21+35-LTS-2513, mixed mode, sharing, tiered, compressed oops, compressed class ptrs, g1 gc, windows-amd64)
# No core dump will be written. Minidumps are not enabled by default on client versions of Windows
#

---------------  S U M M A R Y ------------

Command Line: -Dfile.encoding=UTF-8 -Dstdout.encoding=UTF-8 -Dstderr.encoding=UTF-8 -XX:+ShowCodeDetailsInExceptionMessages quiz.app.Quiz

Host: 11th Gen Intel(R) Core(TM) i5-1155G7 @ 2.50GHz, 8 cores, 7G,  Windows 11 , 64 bit Build 22621 (10.0.22621.2506)
Time: Fri Nov 24 12:55:39 2023 India Standard Time elapsed time: 0.011580 seconds (0d 0h 0m 0s)

---------------  T H R E A D  ---------------

Current thread (0x00000248b9239f80):  JavaThread "Unknown thread" [_thread_in_vm, id=13600, stack(0x000000a678600000,0x000000a678700000) (1024K)]

Stack: [0x000000a678600000,0x000000a678700000]
Native frames: (J=compiled Java code, j=interpreted, Vv=VM code, C=native code)
V  [jvm.dll+0x6c8d39]
V  [jvm.dll+0x854091]
V  [jvm.dll+0x85630e]
V  [jvm.dll+0x8569e3]
V  [jvm.dll+0x2809a6]
V  [jvm.dll+0xbea47]
V  [jvm.dll+0x3314e5]
V  [jvm.dll+0x329b31]
V  [jvm.dll+0x81c699]
V  [jvm.dll+0x3bb2a1]
V  [jvm.dll+0x805688]
V  [jvm.dll+0x44ed9e]
V  [jvm.dll+0x4506a1]
C  [jli.dll+0x52a3]
C  [ucrtbase.dll+0x29363]
C  [KERNEL32.DLL+0x1257d]
C  [ntdll.dll+0x5aa58]


---------------  P R O C E S S  ---------------

Threads class SMR info:
_java_thread_list=0x00007ffaec4a7b48, length=0, elements={
}

Java Threads: ( => current thread )
Total: 0

Other Threads:
  0x00000248bb404e80 WorkerThread "GC Thread#0"                     [id=10420, stack(0x000000a678700000,0x000000a678800000) (1024K)]

[error occurred during error reporting (printing all threads), id 0xc0000005, EXCEPTION_ACCESS_VIOLATION (0xc0000005) at pc=0x00007ffaebc16070]
VM state: not at safepoint (not fully initialized)

VM Mutex/Monitor currently owned by a thread:  ([mutex/lock_event])
[0x00007ffaec518648] Heap_lock - owner thread: 0x00000248b9239f80

Heap address: 0x0000000084000000, size: 1984 MB, Compressed Oops mode: 32-bit

CDS archive(s) mapped at: [0x0000000000000000-0x0000000000000000-0x0000000000000000), size 0, SharedBaseAddress: 0x0000000800000000, ArchiveRelocationMode: 1.
Narrow klass base: 0x0000000000000000, Narrow klass shift: 0, Narrow klass range: 0x0

GC Precious Log:
 CardTable entry size: 512
 Card Set container configuration: InlinePtr #cards 5 size 8 Array Of Cards #cards 12 size 40 Howl #buckets 4 coarsen threshold 1843 Howl Bitmap #cards 512 size 80 coarsen threshold 460 Card regions per heap region 1 cards per card region 2048

Heap:
 garbage-first heap   total 0K, used 0K [0x0000000084000000, 0x0000000100000000)
  region size 1024K, 0 young (0K), 0 survivors (0K)

[error occurred during error reporting (printing heap information), id 0xc0000005, EXCEPTION_ACCESS_VIOLATION (0xc0000005) at pc=0x00007ffaec001939]
GC Heap History (0 events):
No events

Dll operation events (1 events):
Event: 0.007 Loaded shared library C:\Program Files\Java\jdk-21\bin\java.dll

Deoptimization events (0 events):
No events

Classes loaded (0 events):
No events

Classes unloaded (0 events):
No events

Classes redefined (0 events):
No events

Internal exceptions (0 events):
No events

ZGC Phase Switch (0 events):
No events

VM Operations (0 events):
No events

Events (0 events):
No events


Dynamic libraries:
0x00007ff670390000 - 0x00007ff6703a0000 	C:\Program Files\Java\jdk-21\bin\javaw.exe
0x00007ffb2eeb0000 - 0x00007ffb2f0c7000 	C:\Windows\SYSTEM32\ntdll.dll
0x00007ffb2d120000 - 0x00007ffb2d1e4000 	C:\Windows\System32\KERNEL32.DLL
0x00007ffb2c220000 - 0x00007ffb2c5c5000 	C:\Windows\System32\KERNELBASE.dll
0x00007ffb2ca60000 - 0x00007ffb2cb71000 	C:\Windows\System32\ucrtbase.dll
0x00007ffb1f190000 - 0x00007ffb1f1ab000 	C:\Program Files\Java\jdk-21\bin\VCRUNTIME140.dll
0x00007ffb1f170000 - 0x00007ffb1f189000 	C:\Program Files\Java\jdk-21\bin\jli.dll
0x00007ffb2d2a0000 - 0x00007ffb2d351000 	C:\Windows\System32\ADVAPI32.dll
0x00007ffb2ea30000 - 0x00007ffb2ead7000 	C:\Windows\System32\msvcrt.dll
0x00007ffb2d1f0000 - 0x00007ffb2d296000 	C:\Windows\System32\sechost.dll
0x00007ffb2cc00000 - 0x00007ffb2cd17000 	C:\Windows\System32\RPCRT4.dll
0x00007ffb2cf70000 - 0x00007ffb2d11e000 	C:\Windows\System32\USER32.dll
0x00007ffb2ca30000 - 0x00007ffb2ca56000 	C:\Windows\System32\win32u.dll
0x00007ffb2b3f0000 - 0x00007ffb2b683000 	C:\Windows\WinSxS\amd64_microsoft.windows.common-controls_6595b64144ccf1df_6.0.22621.2506_none_270c5ae97388e100\COMCTL32.dll
0x00007ffb2ea00000 - 0x00007ffb2ea29000 	C:\Windows\System32\GDI32.dll
0x00007ffb2c5d0000 - 0x00007ffb2c6e9000 	C:\Windows\System32\gdi32full.dll
0x00007ffb2c6f0000 - 0x00007ffb2c78a000 	C:\Windows\System32\msvcp_win.dll
0x00007ffb29220000 - 0x00007ffb2922a000 	C:\Windows\SYSTEM32\VERSION.dll
0x00007ffb2ceb0000 - 0x00007ffb2cee1000 	C:\Windows\System32\IMM32.DLL
0x00007ffb27a00000 - 0x00007ffb27a0c000 	C:\Program Files\Java\jdk-21\bin\vcruntime140_1.dll
0x00007ffb153b0000 - 0x00007ffb1543e000 	C:\Program Files\Java\jdk-21\bin\msvcp140.dll
0x00007ffaeb8e0000 - 0x00007ffaec5f3000 	C:\Program Files\Java\jdk-21\bin\server\jvm.dll
0x00007ffb2cd20000 - 0x00007ffb2cd91000 	C:\Windows\System32\WS2_32.dll
0x00007ffb2bd80000 - 0x00007ffb2bdcd000 	C:\Windows\SYSTEM32\POWRPROF.dll
0x00007ffb22d30000 - 0x00007ffb22d64000 	C:\Windows\SYSTEM32\WINMM.dll
0x00007ffb2b800000 - 0x00007ffb2b813000 	C:\Windows\SYSTEM32\UMPDC.dll
0x00007ffb2a2b0000 - 0x00007ffb2a2c8000 	C:\Windows\SYSTEM32\kernel.appcore.dll
0x00007ffb22eb0000 - 0x00007ffb22eba000 	C:\Program Files\Java\jdk-21\bin\jimage.dll
0x00007ffb2bb40000 - 0x00007ffb2bd73000 	C:\Windows\SYSTEM32\DBGHELP.DLL
0x00007ffb2eae0000 - 0x00007ffb2ee69000 	C:\Windows\System32\combase.dll
0x00007ffb2cdd0000 - 0x00007ffb2cea7000 	C:\Windows\System32\OLEAUT32.dll
0x00007ffb2ba00000 - 0x00007ffb2ba32000 	C:\Windows\SYSTEM32\dbgcore.DLL
0x00007ffb2cb80000 - 0x00007ffb2cbfa000 	C:\Windows\System32\bcryptPrimitives.dll
0x00007ffb1c9c0000 - 0x00007ffb1c9df000 	C:\Program Files\Java\jdk-21\bin\java.dll

dbghelp: loaded successfully - version: 4.0.5 - missing functions: none
symbol engine: initialized successfully - sym options: 0x614 - pdb path: .;C:\Program Files\Java\jdk-21\bin;C:\Windows\SYSTEM32;C:\Windows\WinSxS\amd64_microsoft.windows.common-controls_6595b64144ccf1df_6.0.22621.2506_none_270c5ae97388e100;C:\Program Files\Java\jdk-21\bin\server

VM Arguments:
jvm_args: -Dfile.encoding=UTF-8 -Dstdout.encoding=UTF-8 -Dstderr.encoding=UTF-8 -XX:+ShowCodeDetailsInExceptionMessages 
java_command: quiz.app.Quiz
java_class_path (initial): C:\Users\mukes\EclipesJava\QuizApp\bin
Launcher Type: SUN_STANDARD

[Global flags]
     intx CICompilerCount                          = 4                                         {product} {ergonomic}
     uint ConcGCThreads                            = 2                                         {product} {ergonomic}
     uint G1ConcRefinementThreads                  = 8                                         {product} {ergonomic}
   size_t G1HeapRegionSize                         = 1048576                                   {product} {ergonomic}
    uintx GCDrainStackTargetSize                   = 64                                        {product} {ergonomic}
   size_t InitialHeapSize                          = 130023424                                 {product} {ergonomic}
   size_t MarkStackSize                            = 4194304                                   {product} {ergonomic}
   size_t MaxHeapSize                              = 2080374784                                {product} {ergonomic}
   size_t MinHeapDeltaBytes                        = 1048576                                   {product} {ergonomic}
   size_t MinHeapSize                              = 8388608                                   {product} {ergonomic}
    uintx NonNMethodCodeHeapSize                   = 5839372                                {pd product} {ergonomic}
    uintx NonProfiledCodeHeapSize                  = 122909434                              {pd product} {ergonomic}
    uintx ProfiledCodeHeapSize                     = 122909434                              {pd product} {ergonomic}
    uintx ReservedCodeCacheSize                    = 251658240                              {pd product} {ergonomic}
     bool SegmentedCodeCache                       = true                                      {product} {ergonomic}
     bool ShowCodeDetailsInExceptionMessages       = true                                   {manageable} {command line}
   size_t SoftMaxHeapSize                          = 2080374784                             {manageable} {ergonomic}
     bool UseCompressedOops                        = true                           {product lp64_product} {ergonomic}
     bool UseG1GC                                  = true                                      {product} {ergonomic}
     bool UseLargePagesIndividualAllocation        = false                                  {pd product} {ergonomic}

Logging:
Log output configuration:
 #0: stdout all=warning uptime,level,tags foldmultilines=false
 #1: stderr all=off uptime,level,tags foldmultilines=false

Environment Variables:
PATH=C:\Program Files\Common Files\Oracle\Java\javapath;C:\Windows\system32;C:\Windows;C:\Windows\System32\Wbem;C:\Windows\System32\WindowsPowerShell\v1.0\;C:\Windows\System32\OpenSSH\;C:\Program Files\Git\cmd;C:\Program Files\Git\mingw64\bin;C:\Program Files\Git\usr\bin;C:\Program Files\nodejs\node_modules\npm\bin;C:\Program Files\nodejs\;C:\Users\mukes\AppData\Local\Programs\Python\Python312\Scripts\;C:\Users\mukes\AppData\Local\Programs\Python\Python312\;C:\Users\mukes\AppData\Local\Programs\Python\Launcher\;C:\Program Files\MySQL\MySQL Shell 8.0\bin\;C:\Users\mukes\AppData\Local\Microsoft\WindowsApps;C:\Users\mukes\Microsoft VS Code\bin;C:\MinGW\bin;C:\Program Files\Java\jdk-21\bin;C:\Program Files\MySQL\MySQL Server 8.0\bin;C:\Old Leptop\muku\apache-tomcat-8.5.92\bin;C:\Users\mukes\AppData\Local\JetBrains\Toolbox\scripts;C:\Program Files\nodejs\node_modules\npm\bin;C:\Users\mukes\AppData\Roaming\npm
USERNAME=mukes
OS=Windows_NT
PROCESSOR_IDENTIFIER=Intel64 Family 6 Model 140 Stepping 2, GenuineIntel
TMP=C:\Users\mukes\AppData\Local\Temp
TEMP=C:\Users\mukes\AppData\Local\Temp




---------------  S Y S T E M  ---------------

OS:
 Windows 11 , 64 bit Build 22621 (10.0.22621.2506)
OS uptime: 6 days 0:58 hours

CPU: total 8 (initial active 8) (4 cores per cpu, 2 threads per core) family 6 model 140 stepping 2 microcode 0x22, cx8, cmov, fxsr, ht, mmx, 3dnowpref, sse, sse2, sse3, ssse3, sse4.1, sse4.2, popcnt, lzcnt, tsc, tscinvbit, avx, avx2, aes, erms, clmul, bmi1, bmi2, adx, avx512f, avx512dq, avx512cd, avx512bw, avx512vl, sha, fma, vzeroupper, avx512_vpopcntdq, avx512_vpclmulqdq, avx512_vaes, avx512_vnni, clflush, clflushopt, clwb, avx512_vbmi2, avx512_vbmi, rdtscp, rdpid, fsrm, gfni, avx512_bitalg, f16c, pku, cet_ibt, cet_ss, avx512_ifma
Processor Information for processor 0
  Max Mhz: 2496, Current Mhz: 2496, Mhz Limit: 2496
Processor Information for processor 1
  Max Mhz: 2496, Current Mhz: 1198, Mhz Limit: 2496
Processor Information for processor 2
  Max Mhz: 2496, Current Mhz: 2496, Mhz Limit: 2496
Processor Information for processor 3
  Max Mhz: 2496, Current Mhz: 2496, Mhz Limit: 2496
Processor Information for processor 4
  Max Mhz: 2496, Current Mhz: 2496, Mhz Limit: 2496
Processor Information for processor 5
  Max Mhz: 2496, Current Mhz: 2496, Mhz Limit: 2496
Processor Information for processor 6
  Max Mhz: 2496, Current Mhz: 2496, Mhz Limit: 2496
Processor Information for processor 7
  Max Mhz: 2496, Current Mhz: 1198, Mhz Limit: 2496

Memory: 4k page, system-wide physical 7934M (370M free)
TotalPageFile size 32510M (AvailPageFile size 5M)
current process WorkingSet (physical memory assigned to process): 11M, peak: 11M
current process commit charge ("private bytes"): 52M, peak: 53M

vm_info: Java HotSpot(TM) 64-Bit Server VM (21+35-LTS-2513) for windows-amd64 JRE (21+35-LTS-2513), built on 2023-08-09T20:25:10Z by "mach5one" with MS VC++ 17.1 (VS2022)

END.
